<?xml version="1.0" encoding="UTF-8"?>
<!-- Generated by org.testng.reporters.JUnitReportReporter -->
<testsuite name="com.amazon.testCases.AddToCart_Testcase" tests="6" time="77.729" ignored="0" failures="0" timestamp="14 Jul 2020 12:36:31 GMT" skipped="0" hostname="srini-PC" errors="0">
  <testcase name="myTest" time="0.000" classname="com.amazon.testCases.AddToCart_Testcase"/>
  <testcase name="myTest" time="0.016" classname="com.amazon.testCases.AddToCart_Testcase"/>
  <testcase name="myTest" time="0.000" classname="com.amazon.testCases.AddToCart_Testcase"/>
  <testcase name="myTest" time="77.713" classname="com.amazon.testCases.AddToCart_Testcase"/>
  <testcase name="myTest" time="0.000" classname="com.amazon.testCases.AddToCart_Testcase"/>
  <testcase name="myTest" time="0.000" classname="com.amazon.testCases.AddToCart_Testcase"/>
</testsuite> <!-- com.amazon.testCases.AddToCart_Testcase -->
